# JRE version: Java(TM) SE Runtime Environment (8.0_91-b14) (build 1.8.0_91-b14)
# Java VM: Java HotSpot(TM) Server VM (25.91-b14 mixed mode linux-x86 )
Heap:
 PSYoungGen      total 94720K, used 27812K [0x92580000, 0x9e400000, 0xa7000000)
  eden space 93440K, 28% used [0x92580000,0x93f9ac88,0x980c0000)
  from space 1280K, 84% used [0x9e2c0000,0x9e3ce608,0x9e400000)
  to   space 5120K, 0% used [0x9da00000,0x9da00000,0x9df00000)
 ParOldGen       total 42496K, used 10397K [0x69000000, 0x6b980000, 0x92580000)
  object space 42496K, 24% used [0x69000000,0x69a274f0,0x6b980000)
 Metaspace       used 10112K, capacity 10514K, committed 10520K, reserved 10544K
GC Heap History (10 events):
Event: 15.365 GC heap before
{Heap before GC invocations=12 (full 0):
 PSYoungGen      total 121856K, used 117020K [0x92580000, 0x9f1c0000, 0xa7000000)
  eden space 116224K, 100% used [0x92580000,0x99700000,0x99700000)
  from space 5632K, 14% used [0x9e700000,0x9e7c7180,0x9ec80000)
  to   space 5376K, 0% used [0x9ec80000,0x9ec80000,0x9f1c0000)
 ParOldGen       total 42496K, used 6594K [0x69000000, 0x6b980000, 0x92580000)
  object space 42496K, 15% used [0x69000000,0x69670970,0x6b980000)
 Metaspace       used 9936K, capacity 10371K, committed 10392K, reserved 10544K
Event: 15.367 GC heap after
Heap after GC invocations=12 (full 0):
 PSYoungGen      total 111872K, used 464K [0x92580000, 0x9ed00000, 0xa7000000)
  eden space 111360K, 0% used [0x92580000,0x92580000,0x99240000)
  from space 512K, 90% used [0x9ec80000,0x9ecf42f0,0x9ed00000)
  to   space 5376K, 0% used [0x9e280000,0x9e280000,0x9e7c0000)
 ParOldGen       total 42496K, used 6962K [0x69000000, 0x6b980000, 0x92580000)
  object space 42496K, 16% used [0x69000000,0x696cc8f0,0x6b980000)
 Metaspace       used 9936K, capacity 10371K, committed 10392K, reserved 10544K
}
Event: 16.142 GC heap before
{Heap before GC invocations=13 (full 0):
 PSYoungGen      total 111872K, used 111824K [0x92580000, 0x9ed00000, 0xa7000000)
  eden space 111360K, 100% used [0x92580000,0x99240000,0x99240000)
  from space 512K, 90% used [0x9ec80000,0x9ecf42f0,0x9ed00000)
  to   space 5376K, 0% used [0x9e280000,0x9e280000,0x9e7c0000)
 ParOldGen       total 42496K, used 6962K [0x69000000, 0x6b980000, 0x92580000)
  object space 42496K, 16% used [0x69000000,0x696cc8f0,0x6b980000)
 Metaspace       used 9954K, capacity 10386K, committed 10392K, reserved 10544K
Event: 16.144 GC heap after
Heap after GC invocations=13 (full 0):
 PSYoungGen      total 111872K, used 535K [0x92580000, 0x9ecc0000, 0xa7000000)
  eden space 106496K, 0% used [0x92580000,0x92580000,0x98d80000)
  from space 5376K, 9% used [0x9e280000,0x9e305ff8,0x9e7c0000)
  to   space 5120K, 0% used [0x9e7c0000,0x9e7c0000,0x9ecc0000)
 ParOldGen       total 42496K, used 6970K [0x69000000, 0x6b980000, 0x92580000)
  object space 42496K, 16% used [0x69000000,0x696ce8f0,0x6b980000)
 Metaspace       used 9954K, capacity 10386K, committed 10392K, reserved 10544K
}
Event: 24.424 GC heap before
{Heap before GC invocations=14 (full 0):
 PSYoungGen      total 111872K, used 107031K [0x92580000, 0x9ecc0000, 0xa7000000)
  eden space 106496K, 100% used [0x92580000,0x98d80000,0x98d80000)
  from space 5376K, 9% used [0x9e280000,0x9e305ff8,0x9e7c0000)
  to   space 5120K, 0% used [0x9e7c0000,0x9e7c0000,0x9ecc0000)
 ParOldGen       total 42496K, used 6970K [0x69000000, 0x6b980000, 0x92580000)
  object space 42496K, 16% used [0x69000000,0x696ce8f0,0x6b980000)
 Metaspace       used 10101K, capacity 10514K, committed 10520K, reserved 10544K
Event: 24.427 GC heap after
Heap after GC invocations=14 (full 0):
 PSYoungGen      total 105472K, used 3412K [0x92580000, 0x9eb40000, 0xa7000000)
  eden space 101888K, 0% used [0x92580000,0x92580000,0x98900000)
  from space 3584K, 95% used [0x9e7c0000,0x9eb15240,0x9eb40000)
  to   space 5632K, 0% used [0x9e040000,0x9e040000,0x9e5c0000)
 ParOldGen       total 42496K, used 7073K [0x69000000, 0x6b980000, 0x92580000)
  object space 42496K, 16% used [0x69000000,0x696e84d0,0x6b980000)
 Metaspace       used 10101K, capacity 10514K, committed 10520K, reserved 10544K
}
Event: 25.179 GC heap before
{Heap before GC invocations=15 (full 0):
 PSYoungGen      total 105472K, used 105300K [0x92580000, 0x9eb40000, 0xa7000000)
  eden space 101888K, 100% used [0x92580000,0x98900000,0x98900000)
  from space 3584K, 95% used [0x9e7c0000,0x9eb15240,0x9eb40000)
  to   space 5632K, 0% used [0x9e040000,0x9e040000,0x9e5c0000)
 ParOldGen       total 42496K, used 7073K [0x69000000, 0x6b980000, 0x92580000)
  object space 42496K, 16% used [0x69000000,0x696e84d0,0x6b980000)
 Metaspace       used 10107K, capacity 10514K, committed 10520K, reserved 10544K
Event: 25.182 GC heap after
Heap after GC invocations=15 (full 0):
 PSYoungGen      total 98048K, used 504K [0x92580000, 0x9e800000, 0xa7000000)
  eden space 97536K, 0% used [0x92580000,0x92580000,0x984c0000)
  from space 512K, 98% used [0x9e040000,0x9e0be3c0,0x9e0c0000)
  to   space 5376K, 0% used [0x9e2c0000,0x9e2c0000,0x9e800000)
 ParOldGen       total 42496K, used 10334K [0x69000000, 0x6b980000, 0x92580000)
  object space 42496K, 24% used [0x69000000,0x69a17930,0x6b980000)
 Metaspace       used 10107K, capacity 10514K, committed 10520K, reserved 10544K
}
Event: 26.153 GC heap before
{Heap before GC invocations=16 (full 0):
 PSYoungGen      total 98048K, used 98040K [0x92580000, 0x9e800000, 0xa7000000)
  eden space 97536K, 100% used [0x92580000,0x984c0000,0x984c0000)
  from space 512K, 98% used [0x9e040000,0x9e0be3c0,0x9e0c0000)
  to   space 5376K, 0% used [0x9e2c0000,0x9e2c0000,0x9e800000)
 ParOldGen       total 42496K, used 10334K [0x69000000, 0x6b980000, 0x92580000)
  object space 42496K, 24% used [0x69000000,0x69a17930,0x6b980000)
 Metaspace       used 10110K, capacity 10514K, committed 10520K, reserved 10544K
Event: 26.154 GC heap after
Heap after GC invocations=16 (full 0):
 PSYoungGen      total 94720K, used 1081K [0x92580000, 0x9e400000, 0xa7000000)
  eden space 93440K, 0% used [0x92580000,0x92580000,0x980c0000)
  from space 1280K, 84% used [0x9e2c0000,0x9e3ce608,0x9e400000)
  to   space 5120K, 0% used [0x9da00000,0x9da00000,0x9df00000)
 ParOldGen       total 42496K, used 10397K [0x69000000, 0x6b980000, 0x92580000)
  object space 42496K, 24% used [0x69000000,0x69a274f0,0x6b980000)
 Metaspace       used 10110K, capacity 10514K, committed 10520K, reserved 10544K
}

