# JRE version: Java(TM) SE Runtime Environment (8.0_91-b14) (build 1.8.0_91-b14)
# Java VM: Java HotSpot(TM) Server VM (25.91-b14 mixed mode linux-x86 )
Heap:
 PSYoungGen      total 18432K, used 16588K [0x92580000, 0x93a00000, 0xa7000000)
  eden space 15872K, 89% used [0x92580000,0x93361960,0x93500000)
  from space 2560K, 92% used [0x93780000,0x939d1828,0x93a00000)
  to   space 2560K, 0% used [0x93500000,0x93500000,0x93780000)
 ParOldGen       total 42496K, used 6734K [0x69000000, 0x6b980000, 0x92580000)
  object space 42496K, 15% used [0x69000000,0x69693858,0x6b980000)
 Metaspace       used 9752K, capacity 10188K, committed 10264K, reserved 10544K
GC Heap History (8 events):
Event: 1.365 GC heap before
{Heap before GC invocations=1 (full 0):
 PSYoungGen      total 18432K, used 15872K [0x92580000, 0x93a00000, 0xa7000000)
  eden space 15872K, 100% used [0x92580000,0x93500000,0x93500000)
  from space 2560K, 0% used [0x93780000,0x93780000,0x93a00000)
  to   space 2560K, 0% used [0x93500000,0x93500000,0x93780000)
 ParOldGen       total 42496K, used 0K [0x69000000, 0x6b980000, 0x92580000)
  object space 42496K, 0% used [0x69000000,0x69000000,0x6b980000)
 Metaspace       used 6746K, capacity 7052K, committed 7192K, reserved 7472K
Event: 1.372 GC heap after
Heap after GC invocations=1 (full 0):
 PSYoungGen      total 18432K, used 2544K [0x92580000, 0x93a00000, 0xa7000000)
  eden space 15872K, 0% used [0x92580000,0x92580000,0x93500000)
  from space 2560K, 99% used [0x93500000,0x9377c080,0x93780000)
  to   space 2560K, 0% used [0x93780000,0x93780000,0x93a00000)
 ParOldGen       total 42496K, used 270K [0x69000000, 0x6b980000, 0x92580000)
  object space 42496K, 0% used [0x69000000,0x69043ac8,0x6b980000)
 Metaspace       used 6746K, capacity 7052K, committed 7192K, reserved 7472K
}
Event: 5.420 GC heap before
{Heap before GC invocations=2 (full 0):
 PSYoungGen      total 18432K, used 18116K [0x92580000, 0x93a00000, 0xa7000000)
  eden space 15872K, 98% used [0x92580000,0x934b51f8,0x93500000)
  from space 2560K, 99% used [0x93500000,0x9377c080,0x93780000)
  to   space 2560K, 0% used [0x93780000,0x93780000,0x93a00000)
 ParOldGen       total 42496K, used 270K [0x69000000, 0x6b980000, 0x92580000)
  object space 42496K, 0% used [0x69000000,0x69043ac8,0x6b980000)
 Metaspace       used 9546K, capacity 9996K, committed 10008K, reserved 10544K
Event: 5.434 GC heap after
Heap after GC invocations=2 (full 0):
 PSYoungGen      total 18432K, used 2556K [0x92580000, 0x93a00000, 0xa7000000)
  eden space 15872K, 0% used [0x92580000,0x92580000,0x93500000)
  from space 2560K, 99% used [0x93780000,0x939ff020,0x93a00000)
  to   space 2560K, 0% used [0x93500000,0x93500000,0x93780000)
 ParOldGen       total 42496K, used 5706K [0x69000000, 0x6b980000, 0x92580000)
  object space 42496K, 13% used [0x69000000,0x69592848,0x6b980000)
 Metaspace       used 9546K, capacity 9996K, committed 10008K, reserved 10544K
}
Event: 6.687 GC heap before
{Heap before GC invocations=3 (full 0):
 PSYoungGen      total 18432K, used 18268K [0x92580000, 0x93a00000, 0xa7000000)
  eden space 15872K, 98% used [0x92580000,0x934d8158,0x93500000)
  from space 2560K, 99% used [0x93780000,0x939ff020,0x93a00000)
  to   space 2560K, 0% used [0x93500000,0x93500000,0x93780000)
 ParOldGen       total 42496K, used 5706K [0x69000000, 0x6b980000, 0x92580000)
  object space 42496K, 13% used [0x69000000,0x69592848,0x6b980000)
 Metaspace       used 9622K, capacity 10060K, committed 10136K, reserved 10544K
Event: 6.699 GC heap after
Heap after GC invocations=3 (full 0):
 PSYoungGen      total 18432K, used 2389K [0x92580000, 0x93a00000, 0xa7000000)
  eden space 15872K, 0% used [0x92580000,0x92580000,0x93500000)
  from space 2560K, 93% used [0x93500000,0x93755750,0x93780000)
  to   space 2560K, 0% used [0x93780000,0x93780000,0x93a00000)
 ParOldGen       total 42496K, used 6730K [0x69000000, 0x6b980000, 0x92580000)
  object space 42496K, 15% used [0x69000000,0x69692858,0x6b980000)
 Metaspace       used 9622K, capacity 10060K, committed 10136K, reserved 10544K
}
Event: 7.948 GC heap before
{Heap before GC invocations=4 (full 0):
 PSYoungGen      total 18432K, used 18261K [0x92580000, 0x93a00000, 0xa7000000)
  eden space 15872K, 99% used [0x92580000,0x934ffd78,0x93500000)
  from space 2560K, 93% used [0x93500000,0x93755750,0x93780000)
  to   space 2560K, 0% used [0x93780000,0x93780000,0x93a00000)
 ParOldGen       total 42496K, used 6730K [0x69000000, 0x6b980000, 0x92580000)
  object space 42496K, 15% used [0x69000000,0x69692858,0x6b980000)
 Metaspace       used 9701K, capacity 10124K, committed 10136K, reserved 10544K
Event: 7.952 GC heap after
Heap after GC invocations=4 (full 0):
 PSYoungGen      total 18432K, used 2374K [0x92580000, 0x93a00000, 0xa7000000)
  eden space 15872K, 0% used [0x92580000,0x92580000,0x93500000)
  from space 2560K, 92% used [0x93780000,0x939d1828,0x93a00000)
  to   space 2560K, 0% used [0x93500000,0x93500000,0x93780000)
 ParOldGen       total 42496K, used 6734K [0x69000000, 0x6b980000, 0x92580000)
  object space 42496K, 15% used [0x69000000,0x69693858,0x6b980000)
 Metaspace       used 9701K, capacity 10124K, committed 10136K, reserved 10544K
}

