# JRE version: Java(TM) SE Runtime Environment (8.0_91-b14) (build 1.8.0_91-b14)
# Java VM: Java HotSpot(TM) Server VM (25.91-b14 mixed mode linux-x86 )
Heap:
 PSYoungGen      total 23552K, used 14893K [0x92580000, 0x952c0000, 0xa7000000)
  eden space 22016K, 61% used [0x92580000,0x932a85d0,0x93b00000)
  from space 1536K, 92% used [0x95140000,0x952a2e40,0x952c0000)
  to   space 2304K, 0% used [0x94e40000,0x94e40000,0x95080000)
 ParOldGen       total 42496K, used 21129K [0x69000000, 0x6b980000, 0x92580000)
  object space 42496K, 49% used [0x69000000,0x6a4a2460,0x6b980000)
 Metaspace       used 10222K, capacity 10666K, committed 10776K, reserved 11568K
GC Heap History (10 events):
Event: 138.768 GC heap before
{Heap before GC invocations=372 (full 0):
 PSYoungGen      total 25344K, used 25181K [0x92580000, 0x95480000, 0xa7000000)
  eden space 24576K, 99% used [0x92580000,0x93d57ce0,0x93d80000)
  from space 768K, 99% used [0x95340000,0x953ff9f0,0x95400000)
  to   space 512K, 0% used [0x95400000,0x95400000,0x95480000)
 ParOldGen       total 42496K, used 16848K [0x69000000, 0x6b980000, 0x92580000)
  object space 42496K, 39% used [0x69000000,0x6a074080,0x6b980000)
 Metaspace       used 10166K, capacity 10602K, committed 10648K, reserved 11568K
Event: 138.770 GC heap after
Heap after GC invocations=372 (full 0):
 PSYoungGen      total 24576K, used 498K [0x92580000, 0x95480000, 0xa7000000)
  eden space 24064K, 0% used [0x92580000,0x92580000,0x93d00000)
  from space 512K, 97% used [0x95400000,0x9547cbe0,0x95480000)
  to   space 1280K, 0% used [0x95200000,0x95200000,0x95340000)
 ParOldGen       total 42496K, used 17948K [0x69000000, 0x6b980000, 0x92580000)
  object space 42496K, 42% used [0x69000000,0x6a187040,0x6b980000)
 Metaspace       used 10166K, capacity 10602K, committed 10648K, reserved 11568K
}
Event: 141.036 GC heap before
{Heap before GC invocations=373 (full 0):
 PSYoungGen      total 24576K, used 24562K [0x92580000, 0x95480000, 0xa7000000)
  eden space 24064K, 100% used [0x92580000,0x93d00000,0x93d00000)
  from space 512K, 97% used [0x95400000,0x9547cbe0,0x95480000)
  to   space 1280K, 0% used [0x95200000,0x95200000,0x95340000)
 ParOldGen       total 42496K, used 17948K [0x69000000, 0x6b980000, 0x92580000)
  object space 42496K, 42% used [0x69000000,0x6a187040,0x6b980000)
 Metaspace       used 10206K, capacity 10634K, committed 10776K, reserved 11568K
Event: 141.039 GC heap after
Heap after GC invocations=373 (full 0):
 PSYoungGen      total 24832K, used 1273K [0x92580000, 0x95440000, 0xa7000000)
  eden space 23552K, 0% used [0x92580000,0x92580000,0x93c80000)
  from space 1280K, 99% used [0x95200000,0x9533e588,0x95340000)
  to   space 1024K, 0% used [0x95340000,0x95340000,0x95440000)
 ParOldGen       total 42496K, used 18564K [0x69000000, 0x6b980000, 0x92580000)
  object space 42496K, 43% used [0x69000000,0x6a2213a0,0x6b980000)
 Metaspace       used 10206K, capacity 10634K, committed 10776K, reserved 11568K
}
Event: 143.180 GC heap before
{Heap before GC invocations=374 (full 0):
 PSYoungGen      total 24832K, used 24593K [0x92580000, 0x95440000, 0xa7000000)
  eden space 23552K, 99% used [0x92580000,0x93c461e8,0x93c80000)
  from space 1280K, 99% used [0x95200000,0x9533e588,0x95340000)
  to   space 1024K, 0% used [0x95340000,0x95340000,0x95440000)
 ParOldGen       total 42496K, used 18564K [0x69000000, 0x6b980000, 0x92580000)
  object space 42496K, 43% used [0x69000000,0x6a2213a0,0x6b980000)
 Metaspace       used 10215K, capacity 10666K, committed 10776K, reserved 11568K
Event: 143.184 GC heap after
Heap after GC invocations=374 (full 0):
 PSYoungGen      total 24064K, used 1014K [0x92580000, 0x95440000, 0xa7000000)
  eden space 23040K, 0% used [0x92580000,0x92580000,0x93c00000)
  from space 1024K, 99% used [0x95340000,0x9543d948,0x95440000)
  to   space 2304K, 0% used [0x94fc0000,0x94fc0000,0x95200000)
 ParOldGen       total 42496K, used 19786K [0x69000000, 0x6b980000, 0x92580000)
  object space 42496K, 46% used [0x69000000,0x6a352840,0x6b980000)
 Metaspace       used 10215K, capacity 10666K, committed 10776K, reserved 11568K
}
Event: 145.313 GC heap before
{Heap before GC invocations=375 (full 0):
 PSYoungGen      total 24064K, used 23954K [0x92580000, 0x95440000, 0xa7000000)
  eden space 23040K, 99% used [0x92580000,0x93be7010,0x93c00000)
  from space 1024K, 99% used [0x95340000,0x9543d948,0x95440000)
  to   space 2304K, 0% used [0x94fc0000,0x94fc0000,0x95200000)
 ParOldGen       total 42496K, used 19786K [0x69000000, 0x6b980000, 0x92580000)
  object space 42496K, 46% used [0x69000000,0x6a352840,0x6b980000)
 Metaspace       used 10221K, capacity 10666K, committed 10776K, reserved 11568K
Event: 145.317 GC heap after
Heap after GC invocations=375 (full 0):
 PSYoungGen      total 24064K, used 1323K [0x92580000, 0x95380000, 0xa7000000)
  eden space 22528K, 0% used [0x92580000,0x92580000,0x93b80000)
  from space 1536K, 86% used [0x94fc0000,0x9510ad40,0x95140000)
  to   space 2304K, 0% used [0x95140000,0x95140000,0x95380000)
 ParOldGen       total 42496K, used 20222K [0x69000000, 0x6b980000, 0x92580000)
  object space 42496K, 47% used [0x69000000,0x6a3bf860,0x6b980000)
 Metaspace       used 10221K, capacity 10666K, committed 10776K, reserved 11568K
}
Event: 147.462 GC heap before
{Heap before GC invocations=376 (full 0):
 PSYoungGen      total 24064K, used 23652K [0x92580000, 0x95380000, 0xa7000000)
  eden space 22528K, 99% used [0x92580000,0x93b4e2e0,0x93b80000)
  from space 1536K, 86% used [0x94fc0000,0x9510ad40,0x95140000)
  to   space 2304K, 0% used [0x95140000,0x95140000,0x95380000)
 ParOldGen       total 42496K, used 20222K [0x69000000, 0x6b980000, 0x92580000)
  object space 42496K, 47% used [0x69000000,0x6a3bf860,0x6b980000)
 Metaspace       used 10222K, capacity 10666K, committed 10776K, reserved 11568K
Event: 147.468 GC heap after
Heap after GC invocations=376 (full 0):
 PSYoungGen      total 23552K, used 1419K [0x92580000, 0x952c0000, 0xa7000000)
  eden space 22016K, 0% used [0x92580000,0x92580000,0x93b00000)
  from space 1536K, 92% used [0x95140000,0x952a2e40,0x952c0000)
  to   space 2304K, 0% used [0x94e40000,0x94e40000,0x95080000)
 ParOldGen       total 42496K, used 21129K [0x69000000, 0x6b980000, 0x92580000)
  object space 42496K, 49% used [0x69000000,0x6a4a2460,0x6b980000)
 Metaspace       used 10222K, capacity 10666K, committed 10776K, reserved 11568K
}

