# JRE version: Java(TM) SE Runtime Environment (8.0_91-b14) (build 1.8.0_91-b14)
# Java VM: Java HotSpot(TM) Server VM (25.91-b14 mixed mode linux-x86 )
Heap:
 PSYoungGen      total 20224K, used 1919K [0x92580000, 0x93ec0000, 0xa7000000)
  eden space 15104K, 8% used [0x92580000,0x926ce360,0x93440000)
  from space 5120K, 11% used [0x93480000,0x93511bc8,0x93980000)
  to   space 5376K, 0% used [0x93980000,0x93980000,0x93ec0000)
 ParOldGen       total 42496K, used 5259K [0x69000000, 0x6b980000, 0x92580000)
  object space 42496K, 12% used [0x69000000,0x69522d48,0x6b980000)
 Metaspace       used 9826K, capacity 10252K, committed 10264K, reserved 10544K
GC Heap History (10 events):
Event: 7.416 GC heap before
{Heap before GC invocations=3 (full 0):
 PSYoungGen      total 18432K, used 18339K [0x92580000, 0x93a00000, 0xa7000000)
  eden space 15872K, 99% used [0x92580000,0x934e9d20,0x93500000)
  from space 2560K, 99% used [0x93780000,0x939ff128,0x93a00000)
  to   space 2560K, 0% used [0x93500000,0x93500000,0x93780000)
 ParOldGen       total 42496K, used 2981K [0x69000000, 0x6b980000, 0x92580000)
  object space 42496K, 7% used [0x69000000,0x692e9740,0x6b980000)
 Metaspace       used 9621K, capacity 10028K, committed 10136K, reserved 10544K
Event: 7.420 GC heap after
Heap after GC invocations=3 (full 0):
 PSYoungGen      total 18432K, used 2511K [0x92580000, 0x93a00000, 0xa7000000)
  eden space 15872K, 0% used [0x92580000,0x92580000,0x93500000)
  from space 2560K, 98% used [0x93500000,0x93773ca0,0x93780000)
  to   space 2560K, 0% used [0x93780000,0x93780000,0x93a00000)
 ParOldGen       total 42496K, used 2981K [0x69000000, 0x6b980000, 0x92580000)
  object space 42496K, 7% used [0x69000000,0x692e9740,0x6b980000)
 Metaspace       used 9621K, capacity 10028K, committed 10136K, reserved 10544K
}
Event: 8.649 GC heap before
{Heap before GC invocations=4 (full 0):
 PSYoungGen      total 18432K, used 18249K [0x92580000, 0x93a00000, 0xa7000000)
  eden space 15872K, 99% used [0x92580000,0x934de9f8,0x93500000)
  from space 2560K, 98% used [0x93500000,0x93773ca0,0x93780000)
  to   space 2560K, 0% used [0x93780000,0x93780000,0x93a00000)
 ParOldGen       total 42496K, used 2981K [0x69000000, 0x6b980000, 0x92580000)
  object space 42496K, 7% used [0x69000000,0x692e9740,0x6b980000)
 Metaspace       used 9670K, capacity 10092K, committed 10136K, reserved 10544K
Event: 8.653 GC heap after
Heap after GC invocations=4 (full 0):
 PSYoungGen      total 18432K, used 2517K [0x92580000, 0x93a00000, 0xa7000000)
  eden space 15872K, 0% used [0x92580000,0x92580000,0x93500000)
  from space 2560K, 98% used [0x93780000,0x939f5708,0x93a00000)
  to   space 2560K, 0% used [0x93500000,0x93500000,0x93780000)
 ParOldGen       total 42496K, used 3073K [0x69000000, 0x6b980000, 0x92580000)
  object space 42496K, 7% used [0x69000000,0x69300788,0x6b980000)
 Metaspace       used 9670K, capacity 10092K, committed 10136K, reserved 10544K
}
Event: 9.918 GC heap before
{Heap before GC invocations=5 (full 0):
 PSYoungGen      total 18432K, used 18113K [0x92580000, 0x93a00000, 0xa7000000)
  eden space 15872K, 98% used [0x92580000,0x934bad28,0x93500000)
  from space 2560K, 98% used [0x93780000,0x939f5708,0x93a00000)
  to   space 2560K, 0% used [0x93500000,0x93500000,0x93780000)
 ParOldGen       total 42496K, used 3073K [0x69000000, 0x6b980000, 0x92580000)
  object space 42496K, 7% used [0x69000000,0x69300788,0x6b980000)
 Metaspace       used 9725K, capacity 10156K, committed 10264K, reserved 10544K
Event: 9.922 GC heap after
Heap after GC invocations=5 (full 0):
 PSYoungGen      total 18176K, used 2535K [0x92580000, 0x93f40000, 0xa7000000)
  eden space 15616K, 0% used [0x92580000,0x92580000,0x934c0000)
  from space 2560K, 99% used [0x93500000,0x93779e98,0x93780000)
  to   space 5376K, 0% used [0x93a00000,0x93a00000,0x93f40000)
 ParOldGen       total 42496K, used 3167K [0x69000000, 0x6b980000, 0x92580000)
  object space 42496K, 7% used [0x69000000,0x69317c20,0x6b980000)
 Metaspace       used 9725K, capacity 10156K, committed 10264K, reserved 10544K
}
Event: 11.148 GC heap before
{Heap before GC invocations=6 (full 0):
 PSYoungGen      total 18176K, used 18038K [0x92580000, 0x93f40000, 0xa7000000)
  eden space 15616K, 99% used [0x92580000,0x934a3b68,0x934c0000)
  from space 2560K, 99% used [0x93500000,0x93779e98,0x93780000)
  to   space 5376K, 0% used [0x93a00000,0x93a00000,0x93f40000)
 ParOldGen       total 42496K, used 3167K [0x69000000, 0x6b980000, 0x92580000)
  object space 42496K, 7% used [0x69000000,0x69317c20,0x6b980000)
 Metaspace       used 9763K, capacity 10188K, committed 10264K, reserved 10544K
Event: 11.155 GC heap after
Heap after GC invocations=6 (full 0):
 PSYoungGen      total 19968K, used 2628K [0x92580000, 0x93e80000, 0xa7000000)
  eden space 15360K, 0% used [0x92580000,0x92580000,0x93480000)
  from space 4608K, 57% used [0x93a00000,0x93c91360,0x93e80000)
  to   space 5120K, 0% used [0x93480000,0x93480000,0x93980000)
 ParOldGen       total 42496K, used 3171K [0x69000000, 0x6b980000, 0x92580000)
  object space 42496K, 7% used [0x69000000,0x69318c20,0x6b980000)
 Metaspace       used 9763K, capacity 10188K, committed 10264K, reserved 10544K
}
Event: 12.380 GC heap before
{Heap before GC invocations=7 (full 0):
 PSYoungGen      total 19968K, used 17988K [0x92580000, 0x93e80000, 0xa7000000)
  eden space 15360K, 100% used [0x92580000,0x93480000,0x93480000)
  from space 4608K, 57% used [0x93a00000,0x93c91360,0x93e80000)
  to   space 5120K, 0% used [0x93480000,0x93480000,0x93980000)
 ParOldGen       total 42496K, used 3171K [0x69000000, 0x6b980000, 0x92580000)
  object space 42496K, 7% used [0x69000000,0x69318c20,0x6b980000)
 Metaspace       used 9807K, capacity 10220K, committed 10264K, reserved 10544K
Event: 12.386 GC heap after
Heap after GC invocations=7 (full 0):
 PSYoungGen      total 20224K, used 582K [0x92580000, 0x93ec0000, 0xa7000000)
  eden space 15104K, 0% used [0x92580000,0x92580000,0x93440000)
  from space 5120K, 11% used [0x93480000,0x93511bc8,0x93980000)
  to   space 5376K, 0% used [0x93980000,0x93980000,0x93ec0000)
 ParOldGen       total 42496K, used 5259K [0x69000000, 0x6b980000, 0x92580000)
  object space 42496K, 12% used [0x69000000,0x69522d48,0x6b980000)
 Metaspace       used 9807K, capacity 10220K, committed 10264K, reserved 10544K
}

