# JRE version: Java(TM) SE Runtime Environment (8.0_91-b14) (build 1.8.0_91-b14)
# Java VM: Java HotSpot(TM) Server VM (25.91-b14 mixed mode linux-x86 )
Heap:
 PSYoungGen      total 18176K, used 3295K [0x92580000, 0x93fc0000, 0xa7000000)
  eden space 15616K, 4% used [0x92580000,0x92638ea8,0x934c0000)
  from space 2560K, 99% used [0x93500000,0x9377f0c0,0x93780000)
  to   space 5632K, 0% used [0x93a40000,0x93a40000,0x93fc0000)
 ParOldGen       total 42496K, used 3614K [0x69000000, 0x6b980000, 0x92580000)
  object space 42496K, 8% used [0x69000000,0x69387a60,0x6b980000)
 Metaspace       used 9751K, capacity 10164K, committed 10264K, reserved 10544K
GC Heap History (10 events):
Event: 0.825 GC heap before
{Heap before GC invocations=1 (full 0):
 PSYoungGen      total 18432K, used 15872K [0x92580000, 0x93a00000, 0xa7000000)
  eden space 15872K, 100% used [0x92580000,0x93500000,0x93500000)
  from space 2560K, 0% used [0x93780000,0x93780000,0x93a00000)
  to   space 2560K, 0% used [0x93500000,0x93500000,0x93780000)
 ParOldGen       total 42496K, used 0K [0x69000000, 0x6b980000, 0x92580000)
  object space 42496K, 0% used [0x69000000,0x69000000,0x6b980000)
 Metaspace       used 6751K, capacity 7060K, committed 7192K, reserved 7472K
Event: 0.832 GC heap after
Heap after GC invocations=1 (full 0):
 PSYoungGen      total 18432K, used 2544K [0x92580000, 0x93a00000, 0xa7000000)
  eden space 15872K, 0% used [0x92580000,0x92580000,0x93500000)
  from space 2560K, 99% used [0x93500000,0x9377c090,0x93780000)
  to   space 2560K, 0% used [0x93780000,0x93780000,0x93a00000)
 ParOldGen       total 42496K, used 253K [0x69000000, 0x6b980000, 0x92580000)
  object space 42496K, 0% used [0x69000000,0x6903f5a8,0x6b980000)
 Metaspace       used 6751K, capacity 7060K, committed 7192K, reserved 7472K
}
Event: 7.002 GC heap before
{Heap before GC invocations=2 (full 0):
 PSYoungGen      total 18432K, used 18416K [0x92580000, 0x93a00000, 0xa7000000)
  eden space 15872K, 100% used [0x92580000,0x93500000,0x93500000)
  from space 2560K, 99% used [0x93500000,0x9377c090,0x93780000)
  to   space 2560K, 0% used [0x93780000,0x93780000,0x93a00000)
 ParOldGen       total 42496K, used 253K [0x69000000, 0x6b980000, 0x92580000)
  object space 42496K, 0% used [0x69000000,0x6903f5a8,0x6b980000)
 Metaspace       used 9544K, capacity 9972K, committed 10008K, reserved 10544K
Event: 7.010 GC heap after
Heap after GC invocations=2 (full 0):
 PSYoungGen      total 18432K, used 2544K [0x92580000, 0x93a00000, 0xa7000000)
  eden space 15872K, 0% used [0x92580000,0x92580000,0x93500000)
  from space 2560K, 99% used [0x93780000,0x939fc080,0x93a00000)
  to   space 2560K, 0% used [0x93500000,0x93500000,0x93780000)
 ParOldGen       total 42496K, used 3184K [0x69000000, 0x6b980000, 0x92580000)
  object space 42496K, 7% used [0x69000000,0x6931c258,0x6b980000)
 Metaspace       used 9544K, capacity 9972K, committed 10008K, reserved 10544K
}
Event: 8.263 GC heap before
{Heap before GC invocations=3 (full 0):
 PSYoungGen      total 18432K, used 18169K [0x92580000, 0x93a00000, 0xa7000000)
  eden space 15872K, 98% used [0x92580000,0x934c2640,0x93500000)
  from space 2560K, 99% used [0x93780000,0x939fc080,0x93a00000)
  to   space 2560K, 0% used [0x93500000,0x93500000,0x93780000)
 ParOldGen       total 42496K, used 3184K [0x69000000, 0x6b980000, 0x92580000)
  object space 42496K, 7% used [0x69000000,0x6931c258,0x6b980000)
 Metaspace       used 9610K, capacity 10036K, committed 10136K, reserved 10544K
Event: 8.268 GC heap after
Heap after GC invocations=3 (full 0):
 PSYoungGen      total 18432K, used 2559K [0x92580000, 0x93a00000, 0xa7000000)
  eden space 15872K, 0% used [0x92580000,0x92580000,0x93500000)
  from space 2560K, 99% used [0x93500000,0x9377fd08,0x93780000)
  to   space 2560K, 0% used [0x93780000,0x93780000,0x93a00000)
 ParOldGen       total 42496K, used 3385K [0x69000000, 0x6b980000, 0x92580000)
  object space 42496K, 7% used [0x69000000,0x6934e758,0x6b980000)
 Metaspace       used 9610K, capacity 10036K, committed 10136K, reserved 10544K
}
Event: 9.497 GC heap before
{Heap before GC invocations=4 (full 0):
 PSYoungGen      total 18432K, used 18233K [0x92580000, 0x93a00000, 0xa7000000)
  eden space 15872K, 98% used [0x92580000,0x934ce9b8,0x93500000)
  from space 2560K, 99% used [0x93500000,0x9377fd08,0x93780000)
  to   space 2560K, 0% used [0x93780000,0x93780000,0x93a00000)
 ParOldGen       total 42496K, used 3385K [0x69000000, 0x6b980000, 0x92580000)
  object space 42496K, 7% used [0x69000000,0x6934e758,0x6b980000)
 Metaspace       used 9661K, capacity 10100K, committed 10136K, reserved 10544K
Event: 9.501 GC heap after
Heap after GC invocations=4 (full 0):
 PSYoungGen      total 18432K, used 2554K [0x92580000, 0x93a00000, 0xa7000000)
  eden space 15872K, 0% used [0x92580000,0x92580000,0x93500000)
  from space 2560K, 99% used [0x93780000,0x939feba0,0x93a00000)
  to   space 2560K, 0% used [0x93500000,0x93500000,0x93780000)
 ParOldGen       total 42496K, used 3514K [0x69000000, 0x6b980000, 0x92580000)
  object space 42496K, 8% used [0x69000000,0x6936e8b0,0x6b980000)
 Metaspace       used 9661K, capacity 10100K, committed 10136K, reserved 10544K
}
Event: 10.763 GC heap before
{Heap before GC invocations=5 (full 0):
 PSYoungGen      total 18432K, used 18417K [0x92580000, 0x93a00000, 0xa7000000)
  eden space 15872K, 99% used [0x92580000,0x934fd8a8,0x93500000)
  from space 2560K, 99% used [0x93780000,0x939feba0,0x93a00000)
  to   space 2560K, 0% used [0x93500000,0x93500000,0x93780000)
 ParOldGen       total 42496K, used 3514K [0x69000000, 0x6b980000, 0x92580000)
  object space 42496K, 8% used [0x69000000,0x6936e8b0,0x6b980000)
 Metaspace       used 9727K, capacity 10132K, committed 10136K, reserved 10544K
Event: 10.768 GC heap after
Heap after GC invocations=5 (full 0):
 PSYoungGen      total 18176K, used 2556K [0x92580000, 0x93fc0000, 0xa7000000)
  eden space 15616K, 0% used [0x92580000,0x92580000,0x934c0000)
  from space 2560K, 99% used [0x93500000,0x9377f0c0,0x93780000)
  to   space 5632K, 0% used [0x93a40000,0x93a40000,0x93fc0000)
 ParOldGen       total 42496K, used 3614K [0x69000000, 0x6b980000, 0x92580000)
  object space 42496K, 8% used [0x69000000,0x69387a60,0x6b980000)
 Metaspace       used 9727K, capacity 10132K, committed 10136K, reserved 10544K
}

